[0.006s] Invoking command in '/home/qep/WorkSpace/RM2025/ROS2tutorial/ros_ws/build/self_interface': CMAKE_PREFIX_PATH=/opt/ros/humble /usr/bin/cmake --build /home/qep/WorkSpace/RM2025/ROS2tutorial/ros_ws/build/self_interface -- -j20 -l20
[0.052s] [  3%] Built target self_interface__cpp
[0.056s] [  6%] [32m[1mLinking CXX executable robot_publisher[0m
[0.060s] [ 15%] Built target self_interface__rosidl_generator_c
[0.062s] [35m[1mConsolidate compiler generated dependencies of target self_interface__rosidl_typesupport_fastrtps_cpp[0m
[0.065s] [35m[1mConsolidate compiler generated dependencies of target self_interface__rosidl_typesupport_introspection_cpp[0m
[0.068s] [ 15%] Built target ament_cmake_python_symlink_self_interface
[0.068s] [35m[1mConsolidate compiler generated dependencies of target self_interface__rosidl_typesupport_cpp[0m
[0.077s] [35m[1mConsolidate compiler generated dependencies of target self_interface__rosidl_typesupport_fastrtps_c[0m
[0.078s] [35m[1mConsolidate compiler generated dependencies of target self_interface__rosidl_typesupport_introspection_c[0m
[0.081s] [35m[1mConsolidate compiler generated dependencies of target self_interface__rosidl_typesupport_c[0m
[0.084s] [ 24%] Built target self_interface__rosidl_typesupport_fastrtps_cpp
[0.090s] [ 33%] Built target self_interface__rosidl_typesupport_introspection_cpp
[0.096s] [ 42%] Built target self_interface__rosidl_typesupport_cpp
[0.100s] [ 51%] Built target self_interface__rosidl_typesupport_introspection_c
[0.101s] [ 60%] Built target self_interface__rosidl_typesupport_fastrtps_c
[0.104s] [ 69%] Built target self_interface__rosidl_typesupport_c
[0.117s] /usr/bin/ld: /usr/lib/gcc/x86_64-linux-gnu/11/../../../x86_64-linux-gnu/Scrt1.o: in function `_start':
[0.117s] (.text+0x1b): undefined reference to `main'
[0.118s] collect2: error: ld returned 1 exit status
[0.119s] gmake[2]: *** [CMakeFiles/robot_publisher.dir/build.make:151: robot_publisher] Error 1
[0.120s] gmake[1]: *** [CMakeFiles/Makefile2:592: CMakeFiles/robot_publisher.dir/all] Error 2
[0.120s] gmake[1]: *** Waiting for unfinished jobs....
[0.121s] [ 69%] Built target self_interface
[0.227s] running egg_info
[0.228s] writing self_interface.egg-info/PKG-INFO
[0.228s] writing dependency_links to self_interface.egg-info/dependency_links.txt
[0.228s] writing top-level names to self_interface.egg-info/top_level.txt
[0.229s] reading manifest file 'self_interface.egg-info/SOURCES.txt'
[0.230s] writing manifest file 'self_interface.egg-info/SOURCES.txt'
[0.248s] [ 69%] Built target ament_cmake_python_build_self_interface_egg
[0.249s] gmake: *** [Makefile:146: all] Error 2
[0.252s] Invoked command in '/home/qep/WorkSpace/RM2025/ROS2tutorial/ros_ws/build/self_interface' returned '2': CMAKE_PREFIX_PATH=/opt/ros/humble /usr/bin/cmake --build /home/qep/WorkSpace/RM2025/ROS2tutorial/ros_ws/build/self_interface -- -j20 -l20
