[01m[K/home/qep/WorkSpace/RM2025/ROS2tutorial/ros_ws/src/tf_demo/src/sub_tf.cpp:2:10:[m[K [01;31m[Kfatal error: [m[Ktf2_ros/buffer.h: No such file or directory
    2 | #include [01;31m[K<tf2_ros/buffer.h>[m[K
      |          [01;31m[K^~~~~~~~~~~~~~~~~~[m[K
compilation terminated.
[01m[K/home/qep/WorkSpace/RM2025/ROS2tutorial/ros_ws/src/tf_demo/src/pub_tf.cpp:3:10:[m[K [01;31m[Kfatal error: [m[Ktf2_ros/transform_broadcaster.h: No such file or directory
    3 | #include [01;31m[K<tf2_ros/transform_broadcaster.h>[m[K
      |          [01;31m[K^~~~~~~~~~~~~~~~~~~~~~~~~~~~~~~~~[m[K
compilation terminated.
gmake[2]: *** [CMakeFiles/pub_tf.dir/build.make:76: CMakeFiles/pub_tf.dir/src/pub_tf.cpp.o] Error 1
gmake[2]: *** [CMakeFiles/sub_tf.dir/build.make:76: CMakeFiles/sub_tf.dir/src/sub_tf.cpp.o] Error 1
gmake[1]: *** [CMakeFiles/Makefile2:139: CMakeFiles/pub_tf.dir/all] Error 2
gmake[1]: *** Waiting for unfinished jobs....
gmake[1]: *** [CMakeFiles/Makefile2:165: CMakeFiles/sub_tf.dir/all] Error 2
gmake: *** [Makefile:146: all] Error 2
