[0.006s] Invoking command in '/home/qep/WorkSpace/RM2025/ROS2tutorial/ros_ws/build/tf_demo': CMAKE_PREFIX_PATH=/opt/ros/humble /usr/bin/cmake /home/qep/WorkSpace/RM2025/ROS2tutorial/ros_ws/src/tf_demo -DAMENT_CMAKE_SYMLINK_INSTALL=1 -DCMAKE_INSTALL_PREFIX=/home/qep/WorkSpace/RM2025/ROS2tutorial/ros_ws/install/tf_demo
[0.059s] -- The C compiler identification is GNU 11.4.0
[0.115s] -- The CXX compiler identification is GNU 11.4.0
[0.121s] -- Detecting C compiler ABI info
[0.199s] -- Detecting C compiler ABI info - done
[0.207s] -- Check for working C compiler: /usr/bin/cc - skipped
[0.207s] -- Detecting C compile features
[0.207s] -- Detecting C compile features - done
[0.212s] -- Detecting CXX compiler ABI info
[0.302s] -- Detecting CXX compiler ABI info - done
[0.307s] -- Check for working CXX compiler: /usr/bin/c++ - skipped
[0.307s] -- Detecting CXX compile features
[0.307s] -- Detecting CXX compile features - done
[0.308s] -- Found ament_cmake: 1.3.10 (/opt/ros/humble/share/ament_cmake/cmake)
[0.450s] -- Found Python3: /usr/bin/python3 (found version "3.10.12") found components: Interpreter 
[0.504s] -- Override CMake install command with custom implementation using symlinks instead of copying resources
[0.518s] -- Found rclcpp: 16.0.10 (/opt/ros/humble/share/rclcpp/cmake)
[0.543s] -- Found rosidl_generator_c: 3.1.5 (/opt/ros/humble/share/rosidl_generator_c/cmake)
[0.546s] -- Found rosidl_adapter: 3.1.5 (/opt/ros/humble/share/rosidl_adapter/cmake)
[0.551s] -- Found rosidl_generator_cpp: 3.1.5 (/opt/ros/humble/share/rosidl_generator_cpp/cmake)
[0.558s] -- Using all available rosidl_typesupport_c: rosidl_typesupport_fastrtps_c;rosidl_typesupport_introspection_c
[0.567s] -- Using all available rosidl_typesupport_cpp: rosidl_typesupport_fastrtps_cpp;rosidl_typesupport_introspection_cpp
[0.593s] -- Found rmw_implementation_cmake: 6.1.2 (/opt/ros/humble/share/rmw_implementation_cmake/cmake)
[0.594s] -- Found rmw_fastrtps_cpp: 6.2.7 (/opt/ros/humble/share/rmw_fastrtps_cpp/cmake)
[0.673s] -- Found OpenSSL: /usr/lib/x86_64-linux-gnu/libcrypto.so (found version "3.0.2")  
[0.706s] -- Found FastRTPS: /opt/ros/humble/include  
[0.742s] -- Using RMW implementation 'rmw_fastrtps_cpp' as default
[0.746s] -- Looking for pthread.h
[0.826s] -- Looking for pthread.h - found
[0.826s] -- Performing Test CMAKE_HAVE_LIBC_PTHREAD
[0.914s] -- Performing Test CMAKE_HAVE_LIBC_PTHREAD - Success
[0.914s] -- Found Threads: TRUE  
[0.950s] -- Found geometry_msgs: 4.2.4 (/opt/ros/humble/share/geometry_msgs/cmake)
[0.959s] -- Found ament_lint_auto: 0.12.11 (/opt/ros/humble/share/ament_lint_auto/cmake)
[1.012s] -- Added test 'cppcheck' to perform static code analysis on C / C++ code
[1.012s] -- Configured cppcheck include dirs: 
[1.012s] -- Configured cppcheck exclude dirs and/or files: 
[1.012s] -- Added test 'lint_cmake' to check CMake code style
[1.013s] -- Added test 'uncrustify' to check C / C++ code style
[1.013s] -- Configured uncrustify additional arguments: 
[1.013s] -- Added test 'xmllint' to check XML markup files
[1.014s] -- Configuring done
[1.021s] -- Generating done
[1.022s] -- Build files have been written to: /home/qep/WorkSpace/RM2025/ROS2tutorial/ros_ws/build/tf_demo
[1.029s] Invoked command in '/home/qep/WorkSpace/RM2025/ROS2tutorial/ros_ws/build/tf_demo' returned '0': CMAKE_PREFIX_PATH=/opt/ros/humble /usr/bin/cmake /home/qep/WorkSpace/RM2025/ROS2tutorial/ros_ws/src/tf_demo -DAMENT_CMAKE_SYMLINK_INSTALL=1 -DCMAKE_INSTALL_PREFIX=/home/qep/WorkSpace/RM2025/ROS2tutorial/ros_ws/install/tf_demo
[1.030s] Invoking command in '/home/qep/WorkSpace/RM2025/ROS2tutorial/ros_ws/build/tf_demo': CMAKE_PREFIX_PATH=/opt/ros/humble /usr/bin/cmake --build /home/qep/WorkSpace/RM2025/ROS2tutorial/ros_ws/build/tf_demo -- -j20 -l20
[1.071s] [ 50%] [32mBuilding CXX object CMakeFiles/sub_tf.dir/src/sub_tf.cpp.o[0m
[1.071s] [ 50%] [32mBuilding CXX object CMakeFiles/pub_tf.dir/src/pub_tf.cpp.o[0m
[1.191s] [01m[K/home/qep/WorkSpace/RM2025/ROS2tutorial/ros_ws/src/tf_demo/src/sub_tf.cpp:2:10:[m[K [01;31m[Kfatal error: [m[Ktf2_ros/buffer.h: No such file or directory
[1.191s]     2 | #include [01;31m[K<tf2_ros/buffer.h>[m[K
[1.191s]       |          [01;31m[K^~~~~~~~~~~~~~~~~~[m[K
[1.191s] compilation terminated.
[1.192s] [01m[K/home/qep/WorkSpace/RM2025/ROS2tutorial/ros_ws/src/tf_demo/src/pub_tf.cpp:3:10:[m[K [01;31m[Kfatal error: [m[Ktf2_ros/transform_broadcaster.h: No such file or directory
[1.192s]     3 | #include [01;31m[K<tf2_ros/transform_broadcaster.h>[m[K
[1.192s]       |          [01;31m[K^~~~~~~~~~~~~~~~~~~~~~~~~~~~~~~~~[m[K
[1.192s] compilation terminated.
[1.200s] gmake[2]: *** [CMakeFiles/pub_tf.dir/build.make:76: CMakeFiles/pub_tf.dir/src/pub_tf.cpp.o] Error 1
[1.201s] gmake[2]: *** [CMakeFiles/sub_tf.dir/build.make:76: CMakeFiles/sub_tf.dir/src/sub_tf.cpp.o] Error 1
[1.201s] gmake[1]: *** [CMakeFiles/Makefile2:139: CMakeFiles/pub_tf.dir/all] Error 2
[1.201s] gmake[1]: *** Waiting for unfinished jobs....
[1.201s] gmake[1]: *** [CMakeFiles/Makefile2:165: CMakeFiles/sub_tf.dir/all] Error 2
[1.201s] gmake: *** [Makefile:146: all] Error 2
[1.203s] Invoked command in '/home/qep/WorkSpace/RM2025/ROS2tutorial/ros_ws/build/tf_demo' returned '2': CMAKE_PREFIX_PATH=/opt/ros/humble /usr/bin/cmake --build /home/qep/WorkSpace/RM2025/ROS2tutorial/ros_ws/build/tf_demo -- -j20 -l20
