[0.008s] Invoking command in '/home/qep/WorkSpace/RM2025/ROS2tutorial/ros_ws/build/tf_demo': CMAKE_PREFIX_PATH=/opt/ros/humble /usr/bin/cmake --build /home/qep/WorkSpace/RM2025/ROS2tutorial/ros_ws/build/tf_demo -- -j20 -l20
[0.029s] -- Found ament_cmake: 1.3.10 (/opt/ros/humble/share/ament_cmake/cmake)
[0.121s] -- Override CMake install command with custom implementation using symlinks instead of copying resources
[0.126s] -- Found rclcpp: 16.0.10 (/opt/ros/humble/share/rclcpp/cmake)
[0.145s] -- Found rosidl_generator_c: 3.1.5 (/opt/ros/humble/share/rosidl_generator_c/cmake)
[0.146s] -- Found rosidl_adapter: 3.1.5 (/opt/ros/humble/share/rosidl_adapter/cmake)
[0.150s] -- Found rosidl_generator_cpp: 3.1.5 (/opt/ros/humble/share/rosidl_generator_cpp/cmake)
[0.156s] -- Using all available rosidl_typesupport_c: rosidl_typesupport_fastrtps_c;rosidl_typesupport_introspection_c
[0.163s] -- Using all available rosidl_typesupport_cpp: rosidl_typesupport_fastrtps_cpp;rosidl_typesupport_introspection_cpp
[0.183s] -- Found rmw_implementation_cmake: 6.1.2 (/opt/ros/humble/share/rmw_implementation_cmake/cmake)
[0.184s] -- Found rmw_fastrtps_cpp: 6.2.7 (/opt/ros/humble/share/rmw_fastrtps_cpp/cmake)
[0.261s] -- Using RMW implementation 'rmw_fastrtps_cpp' as default
[0.308s] -- Found tf2: 0.25.8 (/opt/ros/humble/share/tf2/cmake)
[0.325s] -- Found ament_lint_auto: 0.12.11 (/opt/ros/humble/share/ament_lint_auto/cmake)
[0.378s] -- Added test 'cppcheck' to perform static code analysis on C / C++ code
[0.378s] -- Configured cppcheck include dirs: 
[0.378s] -- Configured cppcheck exclude dirs and/or files: 
[0.378s] -- Added test 'lint_cmake' to check CMake code style
[0.378s] -- Added test 'uncrustify' to check C / C++ code style
[0.378s] -- Configured uncrustify additional arguments: 
[0.378s] -- Added test 'xmllint' to check XML markup files
[0.379s] -- Configuring done
[0.386s] -- Generating done
[0.387s] -- Build files have been written to: /home/qep/WorkSpace/RM2025/ROS2tutorial/ros_ws/build/tf_demo
[0.429s] [ 25%] [32mBuilding CXX object CMakeFiles/pub_tf.dir/src/pub_tf.cpp.o[0m
[0.430s] [ 50%] [32mBuilding CXX object CMakeFiles/sub_tf.dir/src/sub_tf.cpp.o[0m
[0.550s] [01m[K/home/qep/WorkSpace/RM2025/ROS2tutorial/ros_ws/src/tf_demo/src/sub_tf.cpp:2:10:[m[K [01;31m[Kfatal error: [m[Ktf2_ros/buffer.h: No such file or directory
[0.550s]     2 | #include [01;31m[K<tf2_ros/buffer.h>[m[K
[0.550s]       |          [01;31m[K^~~~~~~~~~~~~~~~~~[m[K
[0.550s] compilation terminated.
[0.551s] [01m[K/home/qep/WorkSpace/RM2025/ROS2tutorial/ros_ws/src/tf_demo/src/pub_tf.cpp:3:10:[m[K [01;31m[Kfatal error: [m[Ktf2_ros/transform_broadcaster.h: No such file or directory
[0.551s]     3 | #include [01;31m[K<tf2_ros/transform_broadcaster.h>[m[K
[0.551s]       |          [01;31m[K^~~~~~~~~~~~~~~~~~~~~~~~~~~~~~~~~[m[K
[0.551s] compilation terminated.
[0.560s] gmake[2]: *** [CMakeFiles/sub_tf.dir/build.make:76: CMakeFiles/sub_tf.dir/src/sub_tf.cpp.o] Error 1
[0.560s] gmake[2]: *** [CMakeFiles/pub_tf.dir/build.make:76: CMakeFiles/pub_tf.dir/src/pub_tf.cpp.o] Error 1
[0.560s] gmake[1]: *** [CMakeFiles/Makefile2:139: CMakeFiles/pub_tf.dir/all] Error 2
[0.560s] gmake[1]: *** Waiting for unfinished jobs....
[0.560s] gmake[1]: *** [CMakeFiles/Makefile2:165: CMakeFiles/sub_tf.dir/all] Error 2
[0.560s] gmake: *** [Makefile:146: all] Error 2
[0.563s] Invoked command in '/home/qep/WorkSpace/RM2025/ROS2tutorial/ros_ws/build/tf_demo' returned '2': CMAKE_PREFIX_PATH=/opt/ros/humble /usr/bin/cmake --build /home/qep/WorkSpace/RM2025/ROS2tutorial/ros_ws/build/tf_demo -- -j20 -l20
