[  3%] [32mBuilding CXX object CMakeFiles/robot_publisher.dir/src/main.cpp.o[0m
[  6%] Built target self_interface__cpp
[ 15%] Built target self_interface__rosidl_generator_c
[ 15%] Built target ament_cmake_python_symlink_self_interface
[ 24%] Built target self_interface__rosidl_typesupport_cpp
[ 33%] Built target self_interface__rosidl_typesupport_c
[ 42%] Built target self_interface__rosidl_typesupport_introspection_c
[ 51%] Built target self_interface__rosidl_typesupport_introspection_cpp
[ 60%] Built target self_interface__rosidl_typesupport_fastrtps_c
[ 69%] Built target self_interface__rosidl_typesupport_fastrtps_cpp
[ 69%] Built target self_interface
[ 72%] Built target self_interface__py
[ 75%] [32mBuilding C object CMakeFiles/self_interface__rosidl_generator_py.dir/rosidl_generator_py/self_interface/msg/_robot_s.c.o[0m
[01m[K/home/qep/WorkSpace/RM2025/ROS2tutorial/ros_ws/src/self_interface/src/main.cpp:2:10:[m[K [01;31m[Kfatal error: [m[Kself_interface/msg/robot.hpp: No such file or directory
    2 | #include [01;31m[K"self_interface/msg/robot.hpp"[m[K
      |          [01;31m[K^~~~~~~~~~~~~~~~~~~~~~~~~~~~~~[m[K
compilation terminated.
gmake[2]: *** [CMakeFiles/robot_publisher.dir/build.make:76: CMakeFiles/robot_publisher.dir/src/main.cpp.o] Error 1
gmake[1]: *** [CMakeFiles/Makefile2:592: CMakeFiles/robot_publisher.dir/all] Error 2
gmake[1]: *** Waiting for unfinished jobs....
running egg_info
writing self_interface.egg-info/PKG-INFO
writing dependency_links to self_interface.egg-info/dependency_links.txt
writing top-level names to self_interface.egg-info/top_level.txt
reading manifest file 'self_interface.egg-info/SOURCES.txt'
writing manifest file 'self_interface.egg-info/SOURCES.txt'
[ 75%] Built target ament_cmake_python_build_self_interface_egg
[ 78%] [32m[1mLinking C shared library rosidl_generator_py/self_interface/libself_interface__rosidl_generator_py.so[0m
[ 78%] Built target self_interface__rosidl_generator_py
gmake: *** [Makefile:146: all] Error 2
