[0.008s] Invoking command in '/home/qep/WorkSpace/RM2025/ROS2tutorial/ros_ws/build/self_interface': CMAKE_PREFIX_PATH=${CMAKE_PREFIX_PATH}:/opt/ros/humble /usr/bin/cmake --build /home/qep/WorkSpace/RM2025/ROS2tutorial/ros_ws/build/self_interface -- -j20 -l20
[0.062s] [  9%] Built target self_interface__rosidl_generator_c
[0.062s] [ 12%] Built target self_interface__cpp
[0.064s] [ 15%] [32mBuilding CXX object CMakeFiles/robot_publisher.dir/src/main.cpp.o[0m
[0.071s] [ 15%] Built target ament_cmake_python_symlink_self_interface
[0.098s] [ 24%] Built target self_interface__rosidl_typesupport_fastrtps_c
[0.098s] [ 33%] Built target self_interface__rosidl_typesupport_fastrtps_cpp
[0.100s] [ 48%] Built target self_interface__rosidl_typesupport_introspection_cpp
[0.100s] [ 51%] Built target self_interface__rosidl_typesupport_introspection_c
[0.103s] [ 60%] Built target self_interface__rosidl_typesupport_c
[0.108s] [ 69%] Built target self_interface__rosidl_typesupport_cpp
[0.121s] [ 69%] Built target self_interface
[0.139s] [ 72%] Built target self_interface__py
[0.160s] [ 78%] Built target self_interface__rosidl_generator_py
[0.180s] [ 87%] Built target self_interface__rosidl_typesupport_fastrtps_c__pyext
[0.180s] [ 90%] Built target self_interface__rosidl_typesupport_c__pyext
[0.182s] [ 96%] Built target self_interface__rosidl_typesupport_introspection_c__pyext
[0.205s] In file included from [01m[K/home/qep/WorkSpace/RM2025/ROS2tutorial/ros_ws/src/self_interface/src/main.cpp:2[m[K:
[0.205s] [01m[K/home/qep/WorkSpace/RM2025/ROS2tutorial/ros_ws/install/self_interface/include/self_interface/self_interface/msg/robot.hpp:7:10:[m[K [01;31m[Kfatal error: [m[Kself_interface/msg/detail/robot__struct.hpp: No such file or directory
[0.205s]     7 | #include [01;31m[K"self_interface/msg/detail/robot__struct.hpp"[m[K
[0.205s]       |          [01;31m[K^~~~~~~~~~~~~~~~~~~~~~~~~~~~~~~~~~~~~~~~~~~~~[m[K
[0.205s] compilation terminated.
[0.215s] gmake[2]: *** [CMakeFiles/robot_publisher.dir/build.make:76: CMakeFiles/robot_publisher.dir/src/main.cpp.o] Error 1
[0.215s] gmake[1]: *** [CMakeFiles/Makefile2:592: CMakeFiles/robot_publisher.dir/all] Error 2
[0.215s] gmake[1]: *** Waiting for unfinished jobs....
[0.231s] running egg_info
[0.231s] writing self_interface.egg-info/PKG-INFO
[0.231s] writing dependency_links to self_interface.egg-info/dependency_links.txt
[0.231s] writing top-level names to self_interface.egg-info/top_level.txt
[0.232s] reading manifest file 'self_interface.egg-info/SOURCES.txt'
[0.233s] writing manifest file 'self_interface.egg-info/SOURCES.txt'
[0.252s] [ 96%] Built target ament_cmake_python_build_self_interface_egg
[0.253s] gmake: *** [Makefile:146: all] Error 2
[0.254s] Invoked command in '/home/qep/WorkSpace/RM2025/ROS2tutorial/ros_ws/build/self_interface' returned '2': CMAKE_PREFIX_PATH=${CMAKE_PREFIX_PATH}:/opt/ros/humble /usr/bin/cmake --build /home/qep/WorkSpace/RM2025/ROS2tutorial/ros_ws/build/self_interface -- -j20 -l20
